[debug] [2019-02-28T19:07:08.210Z] ----------------------------------------------------------------------
[debug] [2019-02-28T19:07:08.212Z] Command:       C:\Program Files\nodejs\node.exe C:\Users\Cristhyan\AppData\Roaming\npm\node_modules\firebase-tools\lib\bin\firebase.js login --reauth
[debug] [2019-02-28T19:07:08.212Z] CLI Version:   6.4.0
[debug] [2019-02-28T19:07:08.212Z] Platform:      win32
[debug] [2019-02-28T19:07:08.212Z] Node Version:  v10.13.0
[debug] [2019-02-28T19:07:08.213Z] Time:          Thu Feb 28 2019 15:07:08 GMT-0400 (GMT-04:00)
[debug] [2019-02-28T19:07:08.213Z] ----------------------------------------------------------------------
[debug] 
[info] 
[info] Visit this URL on any device to log in:
[info] https://accounts.google.com/o/oauth2/auth?client_id=563584335869-fgrhgmd47bqnekij5i8b5pr03ho849e6.apps.googleusercontent.com&scope=email%20openid%20https%3A%2F%2Fwww.googleapis.com%2Fauth%2Fcloudplatformprojects.readonly%20https%3A%2F%2Fwww.googleapis.com%2Fauth%2Ffirebase%20https%3A%2F%2Fwww.googleapis.com%2Fauth%2Fcloud-platform&response_type=code&state=363101098&redirect_uri=http%3A%2F%2Flocalhost%3A9005
[info] 
[info] Waiting for authentication...
[debug] [2019-02-28T19:07:21.285Z] >>> HTTP REQUEST POST https://accounts.google.com/o/oauth2/token  

[debug] [2019-02-28T19:07:21.508Z] Token Fetch Error: Error
    at new FirebaseError (C:\Users\Cristhyan\AppData\Roaming\npm\node_modules\firebase-tools\lib\error.js:9:18)
    at Request._callback (C:\Users\Cristhyan\AppData\Roaming\npm\node_modules\firebase-tools\lib\api.js:30:31)
    at self.callback (C:\Users\Cristhyan\AppData\Roaming\npm\node_modules\firebase-tools\node_modules\request\request.js:185:22)
    at Request.emit (events.js:182:13)
    at Request.EventEmitter.emit (domain.js:442:20)
    at Request.onRequestError (C:\Users\Cristhyan\AppData\Roaming\npm\node_modules\firebase-tools\node_modules\request\request.js:881:8)
    at ClientRequest.emit (events.js:182:13)
    at ClientRequest.EventEmitter.emit (domain.js:442:20)
    at TLSSocket.socketErrorListener (_http_client.js:391:9)
    at TLSSocket.emit (events.js:182:13)
[debug] [2019-02-28T19:07:37.599Z] ----------------------------------------------------------------------
[debug] [2019-02-28T19:07:37.602Z] Command:       C:\Program Files\nodejs\node.exe C:\Users\Cristhyan\AppData\Roaming\npm\node_modules\firebase-tools\lib\bin\firebase.js login --reauth
[debug] [2019-02-28T19:07:37.602Z] CLI Version:   6.4.0
[debug] [2019-02-28T19:07:37.602Z] Platform:      win32
[debug] [2019-02-28T19:07:37.602Z] Node Version:  v10.13.0
[debug] [2019-02-28T19:07:37.603Z] Time:          Thu Feb 28 2019 15:07:37 GMT-0400 (GMT-04:00)
[debug] [2019-02-28T19:07:37.603Z] ----------------------------------------------------------------------
[debug] 
[info] 
[info] Visit this URL on any device to log in:
[info] https://accounts.google.com/o/oauth2/auth?client_id=563584335869-fgrhgmd47bqnekij5i8b5pr03ho849e6.apps.googleusercontent.com&scope=email%20openid%20https%3A%2F%2Fwww.googleapis.com%2Fauth%2Fcloudplatformprojects.readonly%20https%3A%2F%2Fwww.googleapis.com%2Fauth%2Ffirebase%20https%3A%2F%2Fwww.googleapis.com%2Fauth%2Fcloud-platform&response_type=code&state=223014356&redirect_uri=http%3A%2F%2Flocalhost%3A9005
[info] 
[info] Waiting for authentication...
[debug] [2019-02-28T19:07:50.589Z] >>> HTTP REQUEST POST https://accounts.google.com/o/oauth2/token  

[debug] [2019-02-28T19:07:50.804Z] Token Fetch Error: Error
    at new FirebaseError (C:\Users\Cristhyan\AppData\Roaming\npm\node_modules\firebase-tools\lib\error.js:9:18)
    at Request._callback (C:\Users\Cristhyan\AppData\Roaming\npm\node_modules\firebase-tools\lib\api.js:30:31)
    at self.callback (C:\Users\Cristhyan\AppData\Roaming\npm\node_modules\firebase-tools\node_modules\request\request.js:185:22)
    at Request.emit (events.js:182:13)
    at Request.EventEmitter.emit (domain.js:442:20)
    at Request.onRequestError (C:\Users\Cristhyan\AppData\Roaming\npm\node_modules\firebase-tools\node_modules\request\request.js:881:8)
    at ClientRequest.emit (events.js:182:13)
    at ClientRequest.EventEmitter.emit (domain.js:442:20)
    at TLSSocket.socketErrorListener (_http_client.js:391:9)
    at TLSSocket.emit (events.js:182:13)
